[INFO] 03:11:15:96 Team/(7821:7821): Pretty printer se ha inicializado correctamente!

[INFO] 03:11:15:96 Team/(7821:7821): Los serializable_objects se han inicializado correctamente!

[INFO] 03:11:15:96 Team/(7821:7821): Los serializable_objects se han inicializado correctamente!

[INFO] 03:11:15:96 Team/(7821:7821): Team se ha inicializado correctamente!

[INFO] 03:11:15:96 Team/(7821:7822): El entrenador 1, ubicado en (1, 3) fue agregado a la cola de nuevos.
[INFO] 03:11:15:96 Team/(7821:7822): El entrenador 2, ubicado en (2, 3) fue agregado a la cola de nuevos.
[INFO] 03:11:15:97 Team/(7821:7822): El entrenador 3, ubicado en (3, 2) fue agregado a la cola de nuevos.
[INFO] 03:11:15:97 Team/(7821:7825): Se creó exitosamente el hilo para el entrenador 3
[INFO] 03:11:15:97 Team/(7821:7824): Se creó exitosamente el hilo para el entrenador 2
[INFO] 03:11:15:97 Team/(7821:7823): Se creó exitosamente el hilo para el entrenador 1
[INFO] 03:11:16:99 Team/(7821:7854): Suscripción exitosa a la cola LOCALIZED_POKEMON
[INFO] 03:11:16:99 Team/(7821:7855): Suscripción exitosa a la cola CAUGHT_POKEMON
[INFO] 03:11:16:99 Team/(7821:7853): Suscripción exitosa a la cola APPEARED_POKEMON
[INFO] 03:11:16:100 Team/(7821:7853): Pedido recibido:
Operación: CORRELATIVE_IDENTIFIED_MESSAGE
Argumentos:
	-> message_id: 5
	-> Operación: IDENTIFIED_MESSAGE
	   Argumentos:
		   -> message_id: 1
		   -> Operación: APPEARED_POKEMON
Argumentos: Pokemon: Pikachu, pos_x: 9, pos_y: 9
[INFO] 03:11:16:100 Team/(7821:7853): El entrenador 2, ubicado en (2, 3) fue movido a la cola de listos. Motivo: Moverse en dirección a un Pikachu, ubicado en (9, 9).
[INFO] 03:11:16:100 Team/(7821:7853): El entrenador 2, ubicado en (2, 3) fue puesto en ejecución. Motivo: Moverse en dirección a un Pikachu, ubicado en (9, 9).
[INFO] 03:11:16:100 Team/(7821:7824): El entrenador 2 se desplazó a (3, 3).
[INFO] 03:11:16:100 Team/(7821:7853): Pedido recibido:
Operación: CORRELATIVE_IDENTIFIED_MESSAGE
Argumentos:
	-> message_id: 6
	-> Operación: IDENTIFIED_MESSAGE
	   Argumentos:
		   -> message_id: 2
		   -> Operación: APPEARED_POKEMON
Argumentos: Pokemon: Squirtle, pos_x: 5, pos_y: 2
[INFO] 03:11:16:100 Team/(7821:7853): El entrenador 3, ubicado en (3, 2) fue movido a la cola de listos. Motivo: Moverse en dirección a un Squirtle, ubicado en (5, 2).
[INFO] 03:11:16:101 Team/(7821:7853): Pedido recibido:
Operación: CORRELATIVE_IDENTIFIED_MESSAGE
Argumentos:
	-> message_id: 7
	-> Operación: IDENTIFIED_MESSAGE
	   Argumentos:
		   -> message_id: 3
		   -> Operación: APPEARED_POKEMON
Argumentos: Pokemon: Jolteon, pos_x: 2, pos_y: 2
[INFO] 03:11:16:101 Team/(7821:7853): El pokemon Jolteon no es requerido para completar el objetivo global.
[INFO] 03:11:16:101 Team/(7821:7853): Pedido recibido:
Operación: CORRELATIVE_IDENTIFIED_MESSAGE
Argumentos:
	-> message_id: 8
	-> Operación: IDENTIFIED_MESSAGE
	   Argumentos:
		   -> message_id: 4
		   -> Operación: APPEARED_POKEMON
Argumentos: Pokemon: Flareon, pos_x: 4, pos_y: 6
[INFO] 03:11:16:101 Team/(7821:7853): El pokemon Flareon no es requerido para completar el objetivo global.
[INFO] 03:11:18:100 Team/(7821:7824): El entrenador 2 se desplazó a (4, 3).
[INFO] 03:11:20:28 Team/(7821:7854): Pedido recibido:
Operación: CORRELATIVE_IDENTIFIED_MESSAGE
Argumentos:
	-> message_id: 17
	-> Operación: IDENTIFIED_MESSAGE
	   Argumentos:
		   -> message_id: 16
		   -> Operación: LOCALIZED_POKEMON
Argumentos: Pokemon: Umbreon, cantidad: 0, Posiciones: 
[INFO] 03:11:20:28 Team/(7821:7854): Ningún entrenador está esperando la respuesta de un LOCALIZED_POKEMON con id de mensaje 16
[INFO] 03:11:20:100 Team/(7821:7824): El entrenador 2 se desplazó a (5, 3).
[INFO] 03:11:20:108 Team/(7821:7854): Pedido recibido:
Operación: CORRELATIVE_IDENTIFIED_MESSAGE
Argumentos:
	-> message_id: 19
	-> Operación: IDENTIFIED_MESSAGE
	   Argumentos:
		   -> message_id: 18
		   -> Operación: LOCALIZED_POKEMON
Argumentos: Pokemon: Gengar, cantidad: 0, Posiciones: 
[INFO] 03:11:21:24 Team/(7821:7854): Pedido recibido:
Operación: CORRELATIVE_IDENTIFIED_MESSAGE
Argumentos:
	-> message_id: 20
	-> Operación: IDENTIFIED_MESSAGE
	   Argumentos:
		   -> message_id: 11
		   -> Operación: LOCALIZED_POKEMON
Argumentos: Pokemon: Jolteon, cantidad: 1, Posición: (2, 2)
[INFO] 03:11:21:24 Team/(7821:7854): Ningún entrenador está esperando la respuesta de un LOCALIZED_POKEMON con id de mensaje 11
[INFO] 03:11:21:106 Team/(7821:7854): Pedido recibido:
Operación: CORRELATIVE_IDENTIFIED_MESSAGE
Argumentos:
	-> message_id: 21
	-> Operación: IDENTIFIED_MESSAGE
	   Argumentos:
		   -> message_id: 12
		   -> Operación: LOCALIZED_POKEMON
Argumentos: Pokemon: Squirtle, cantidad: 1, Posición: (5, 2)
[INFO] 03:11:21:106 Team/(7821:7854): Se procederá a ignorar Operación: LOCALIZED_POKEMON
Argumentos: Pokemon: Squirtle, cantidad: 1, Posición: (5, 2) debido a ocurrencias previas del pokemon

[INFO] 03:11:22:30 Team/(7821:7854): Pedido recibido:
Operación: CORRELATIVE_IDENTIFIED_MESSAGE
Argumentos:
	-> message_id: 23
	-> Operación: IDENTIFIED_MESSAGE
	   Argumentos:
		   -> message_id: 22
		   -> Operación: LOCALIZED_POKEMON
Argumentos: Pokemon: Espeon, cantidad: 0, Posiciones: 
[INFO] 03:11:22:30 Team/(7821:7854): Ningún entrenador está esperando la respuesta de un LOCALIZED_POKEMON con id de mensaje 22
[INFO] 03:11:22:101 Team/(7821:7824): El entrenador 2 se desplazó a (6, 3).
[INFO] 03:11:22:110 Team/(7821:7854): Pedido recibido:
Operación: CORRELATIVE_IDENTIFIED_MESSAGE
Argumentos:
	-> message_id: 25
	-> Operación: IDENTIFIED_MESSAGE
	   Argumentos:
		   -> message_id: 24
		   -> Operación: LOCALIZED_POKEMON
Argumentos: Pokemon: Onix, cantidad: 0, Posiciones: 
[INFO] 03:11:23:28 Team/(7821:7854): Pedido recibido:
Operación: CORRELATIVE_IDENTIFIED_MESSAGE
Argumentos:
	-> message_id: 26
	-> Operación: IDENTIFIED_MESSAGE
	   Argumentos:
		   -> message_id: 14
		   -> Operación: LOCALIZED_POKEMON
Argumentos: Pokemon: Flareon, cantidad: 1, Posición: (4, 6)
[INFO] 03:11:23:28 Team/(7821:7854): Ningún entrenador está esperando la respuesta de un LOCALIZED_POKEMON con id de mensaje 14
[INFO] 03:11:23:106 Team/(7821:7854): Pedido recibido:
Operación: CORRELATIVE_IDENTIFIED_MESSAGE
Argumentos:
	-> message_id: 27
	-> Operación: IDENTIFIED_MESSAGE
	   Argumentos:
		   -> message_id: 15
		   -> Operación: LOCALIZED_POKEMON
Argumentos: Pokemon: Pikachu, cantidad: 1, Posición: (9, 9)
[INFO] 03:11:23:106 Team/(7821:7854): Se procederá a ignorar Operación: LOCALIZED_POKEMON
Argumentos: Pokemon: Pikachu, cantidad: 1, Posición: (9, 9) debido a ocurrencias previas del pokemon

[INFO] 03:11:24:101 Team/(7821:7824): El entrenador 2 se desplazó a (7, 3).
[INFO] 03:11:26:101 Team/(7821:7824): El entrenador 2 se desplazó a (8, 3).
[INFO] 03:11:28:31 Team/(7821:7855): Pedido recibido:
Operación: CORRELATIVE_IDENTIFIED_MESSAGE
Argumentos:
	-> message_id: 29
	-> Operación: IDENTIFIED_MESSAGE
	   Argumentos:
		   -> message_id: 13
		   -> Operación: CAUGHT_POKEMON
Argumentos: caught_status: OK
[INFO] 03:11:28:31 Team/(7821:7855): Ningún entrenador está esperando la respuesta de un CAUGHT_POKEMON con id de mensaje 13
[INFO] 03:11:28:102 Team/(7821:7824): El entrenador 2 se desplazó a (9, 3).
[INFO] 03:11:30:103 Team/(7821:7824): El entrenador 2 se desplazó a (9, 4).
[INFO] 03:11:31:30 Team/(7821:7855): Pedido recibido:
Operación: CORRELATIVE_IDENTIFIED_MESSAGE
Argumentos:
	-> message_id: 30
	-> Operación: IDENTIFIED_MESSAGE
	   Argumentos:
		   -> message_id: 28
		   -> Operación: CAUGHT_POKEMON
Argumentos: caught_status: OK
[INFO] 03:11:31:30 Team/(7821:7855): Ningún entrenador está esperando la respuesta de un CAUGHT_POKEMON con id de mensaje 28
[INFO] 03:11:32:103 Team/(7821:7824): El entrenador 2 se desplazó a (9, 5).
[INFO] 03:11:34:103 Team/(7821:7824): El entrenador 2 se desplazó a (9, 6).
[INFO] 03:11:36:104 Team/(7821:7824): El entrenador 2 se desplazó a (9, 7).
[INFO] 03:11:38:104 Team/(7821:7824): El entrenador 2 se desplazó a (9, 8).
[INFO] 03:11:40:104 Team/(7821:7824): El entrenador 2 se desplazó a (9, 9).
[INFO] 03:11:42:104 Team/(7821:7824): Acción a realizar por el entrenador 2: Atrapar un Pikachu, ubicado en (9, 9).
[INFO] 03:11:44:106 Team/(7821:7824): El entrenador 2, ubicado en (9, 9) fue movido a la cola de bloqueados. Motivo: Esperar el resultado de atrapar un Pikachu, ubicado en (9, 9) con el id de mensaje 31.
[INFO] 03:11:44:106 Team/(7821:7824): El entrenador 3, ubicado en (3, 2) fue puesto en ejecución. Motivo: Moverse en dirección a un Squirtle, ubicado en (5, 2).
[INFO] 03:11:44:106 Team/(7821:7825): El entrenador 3 se desplazó a (4, 2).
[INFO] 03:11:46:106 Team/(7821:7825): El entrenador 3 se desplazó a (5, 2).
[INFO] 03:11:48:106 Team/(7821:7825): Acción a realizar por el entrenador 3: Atrapar un Squirtle, ubicado en (5, 2).
[INFO] 03:11:49:108 Team/(7821:7855): Pedido recibido:
Operación: CORRELATIVE_IDENTIFIED_MESSAGE
Argumentos:
	-> message_id: 32
	-> Operación: IDENTIFIED_MESSAGE
	   Argumentos:
		   -> message_id: 31
		   -> Operación: CAUGHT_POKEMON
Argumentos: caught_status: OK
[INFO] 03:11:49:108 Team/(7821:7824): un Pikachu, ubicado en (9, 9), fue atrapado exitosamente
[INFO] 03:11:49:108 Team/(7821:7824): El entrenador 2, ubicado en (9, 9) permanece en la cola de bloqueados. Motivo: Esperar a que aparezcan más pokemones.
[INFO] 03:11:50:109 Team/(7821:7825): El entrenador 3, ubicado en (5, 2) fue movido a la cola de bloqueados. Motivo: Esperar el resultado de atrapar un Squirtle, ubicado en (5, 2) con el id de mensaje 33.
[INFO] 03:11:55:110 Team/(7821:7855): Pedido recibido:
Operación: CORRELATIVE_IDENTIFIED_MESSAGE
Argumentos:
	-> message_id: 34
	-> Operación: IDENTIFIED_MESSAGE
	   Argumentos:
		   -> message_id: 33
		   -> Operación: CAUGHT_POKEMON
Argumentos: caught_status: OK
[INFO] 03:11:55:110 Team/(7821:7825): un Squirtle, ubicado en (5, 2), fue atrapado exitosamente
[INFO] 03:11:55:110 Team/(7821:7825): El entrenador 3, ubicado en (5, 2) permanece en la cola de bloqueados. Motivo: Esperar a que aparezcan más pokemones.
[INFO] 03:12:38:216 Team/(7821:7853): Pedido recibido:
Operación: CORRELATIVE_IDENTIFIED_MESSAGE
Argumentos:
	-> message_id: 41
	-> Operación: IDENTIFIED_MESSAGE
	   Argumentos:
		   -> message_id: 35
		   -> Operación: APPEARED_POKEMON
Argumentos: Pokemon: Onix, pos_x: 2, pos_y: 8
[INFO] 03:12:38:216 Team/(7821:7853): El entrenador 1, ubicado en (1, 3) fue movido a la cola de listos. Motivo: Moverse en dirección a un Onix, ubicado en (2, 8).
[INFO] 03:12:38:216 Team/(7821:7853): El entrenador 1, ubicado en (1, 3) fue puesto en ejecución. Motivo: Moverse en dirección a un Onix, ubicado en (2, 8).
[INFO] 03:12:38:217 Team/(7821:7823): El entrenador 1 se desplazó a (2, 3).
[INFO] 03:12:38:224 Team/(7821:7853): Pedido recibido:
Operación: CORRELATIVE_IDENTIFIED_MESSAGE
Argumentos:
	-> message_id: 42
	-> Operación: IDENTIFIED_MESSAGE
	   Argumentos:
		   -> message_id: 38
		   -> Operación: APPEARED_POKEMON
Argumentos: Pokemon: Umbreon, pos_x: 10, pos_y: 6
[INFO] 03:12:38:224 Team/(7821:7853): El pokemon Umbreon no es requerido para completar el objetivo global.
[INFO] 03:12:38:226 Team/(7821:7853): Pedido recibido:
Operación: CORRELATIVE_IDENTIFIED_MESSAGE
Argumentos:
	-> message_id: 43
	-> Operación: IDENTIFIED_MESSAGE
	   Argumentos:
		   -> message_id: 36
		   -> Operación: APPEARED_POKEMON
Argumentos: Pokemon: Gengar, pos_x: 6, pos_y: 6
[INFO] 03:12:38:226 Team/(7821:7853): El entrenador 3, ubicado en (5, 2) fue movido a la cola de listos. Motivo: Moverse en dirección a un Gengar, ubicado en (6, 6).
[INFO] 03:12:38:228 Team/(7821:7853): Pedido recibido:
Operación: CORRELATIVE_IDENTIFIED_MESSAGE
Argumentos:
	-> message_id: 44
	-> Operación: IDENTIFIED_MESSAGE
	   Argumentos:
		   -> message_id: 39
		   -> Operación: APPEARED_POKEMON
Argumentos: Pokemon: Espeon, pos_x: 7, pos_y: 1
[INFO] 03:12:38:228 Team/(7821:7853): El pokemon Espeon no es requerido para completar el objetivo global.
[INFO] 03:12:38:230 Team/(7821:7853): Pedido recibido:
Operación: CORRELATIVE_IDENTIFIED_MESSAGE
Argumentos:
	-> message_id: 45
	-> Operación: IDENTIFIED_MESSAGE
	   Argumentos:
		   -> message_id: 37
		   -> Operación: APPEARED_POKEMON
Argumentos: Pokemon: Squirtle, pos_x: 5, pos_y: 5
[INFO] 03:12:38:230 Team/(7821:7853): El entrenador 2, ubicado en (9, 9) fue movido a la cola de listos. Motivo: Moverse en dirección a un Squirtle, ubicado en (5, 5).
[INFO] 03:12:38:231 Team/(7821:7853): Pedido recibido:
Operación: CORRELATIVE_IDENTIFIED_MESSAGE
Argumentos:
	-> message_id: 46
	-> Operación: IDENTIFIED_MESSAGE
	   Argumentos:
		   -> message_id: 40
		   -> Operación: APPEARED_POKEMON
Argumentos: Pokemon: Vaporeon, pos_x: 4, pos_y: 10
[INFO] 03:12:38:231 Team/(7821:7853): El pokemon Vaporeon no es requerido para completar el objetivo global.
[INFO] 03:12:40:217 Team/(7821:7823): El entrenador 1 se desplazó a (2, 4).
[INFO] 03:12:42:218 Team/(7821:7823): El entrenador 1 se desplazó a (2, 5).
[INFO] 03:12:44:218 Team/(7821:7823): El entrenador 1 se desplazó a (2, 6).
[INFO] 03:12:46:219 Team/(7821:7823): El entrenador 1 se desplazó a (2, 7).
[INFO] 03:12:48:219 Team/(7821:7823): El entrenador 1 se desplazó a (2, 8).
[INFO] 03:12:50:220 Team/(7821:7823): Acción a realizar por el entrenador 1: Atrapar un Onix, ubicado en (2, 8).
[INFO] 03:12:52:223 Team/(7821:7823): El entrenador 1, ubicado en (2, 8) fue movido a la cola de bloqueados. Motivo: Esperar el resultado de atrapar un Onix, ubicado en (2, 8) con el id de mensaje 48.
[INFO] 03:12:52:223 Team/(7821:7823): El entrenador 3, ubicado en (5, 2) fue puesto en ejecución. Motivo: Moverse en dirección a un Gengar, ubicado en (6, 6).
[INFO] 03:12:52:224 Team/(7821:7825): El entrenador 3 se desplazó a (6, 2).
[INFO] 03:12:53:229 Team/(7821:7855): Pedido recibido:
Operación: CORRELATIVE_IDENTIFIED_MESSAGE
Argumentos:
	-> message_id: 49
	-> Operación: IDENTIFIED_MESSAGE
	   Argumentos:
		   -> message_id: 47
		   -> Operación: CAUGHT_POKEMON
Argumentos: caught_status: OK
[INFO] 03:12:53:230 Team/(7821:7855): Ningún entrenador está esperando la respuesta de un CAUGHT_POKEMON con id de mensaje 47
[INFO] 03:12:54:224 Team/(7821:7825): El entrenador 3 se desplazó a (6, 3).
[INFO] 03:12:56:225 Team/(7821:7825): El entrenador 3 se desplazó a (6, 4).
[INFO] 03:12:57:224 Team/(7821:7855): Pedido recibido:
Operación: CORRELATIVE_IDENTIFIED_MESSAGE
Argumentos:
	-> message_id: 51
	-> Operación: IDENTIFIED_MESSAGE
	   Argumentos:
		   -> message_id: 48
		   -> Operación: CAUGHT_POKEMON
Argumentos: caught_status: OK
[INFO] 03:12:57:225 Team/(7821:7823): un Onix, ubicado en (2, 8), fue atrapado exitosamente
[INFO] 03:12:57:225 Team/(7821:7823): El entrenador 1, ubicado en (2, 8) permanece en la cola de bloqueados. Motivo: Esperar la resolución de uno o más intercambios.
Pokemones requeridos y no capturados: Squirtle.
Pokemones en exceso: Onix.
[INFO] 03:12:57:225 Team/(7821:7823): El algoritmo de detección de Deadlock ha comenzado.
[INFO] 03:12:57:225 Team/(7821:7823): El algoritmo de detección de Deadlock ha finalizado. Resultado: El sistema puede continuar operando.
[INFO] 03:12:58:225 Team/(7821:7825): El entrenador 3 se desplazó a (6, 5).
[INFO] 03:13:00:226 Team/(7821:7825): El entrenador 3 se desplazó a (6, 6).
[INFO] 03:13:01:235 Team/(7821:7855): Pedido recibido:
Operación: CORRELATIVE_IDENTIFIED_MESSAGE
Argumentos:
	-> message_id: 52
	-> Operación: IDENTIFIED_MESSAGE
	   Argumentos:
		   -> message_id: 50
		   -> Operación: CAUGHT_POKEMON
Argumentos: caught_status: OK
[INFO] 03:13:01:235 Team/(7821:7855): Ningún entrenador está esperando la respuesta de un CAUGHT_POKEMON con id de mensaje 50
[INFO] 03:13:02:226 Team/(7821:7825): Acción a realizar por el entrenador 3: Atrapar un Gengar, ubicado en (6, 6).
[INFO] 03:13:04:228 Team/(7821:7825): El entrenador 3, ubicado en (6, 6) fue movido a la cola de bloqueados. Motivo: Esperar el resultado de atrapar un Gengar, ubicado en (6, 6) con el id de mensaje 53.
[INFO] 03:13:04:228 Team/(7821:7825): El entrenador 2, ubicado en (9, 9) fue puesto en ejecución. Motivo: Moverse en dirección a un Squirtle, ubicado en (5, 5).
[INFO] 03:13:04:228 Team/(7821:7824): El entrenador 2 se desplazó a (8, 9).
[INFO] 03:13:06:229 Team/(7821:7824): El entrenador 2 se desplazó a (7, 9).
[INFO] 03:13:08:229 Team/(7821:7824): El entrenador 2 se desplazó a (6, 9).
[INFO] 03:13:09:234 Team/(7821:7855): Pedido recibido:
Operación: CORRELATIVE_IDENTIFIED_MESSAGE
Argumentos:
	-> message_id: 55
	-> Operación: IDENTIFIED_MESSAGE
	   Argumentos:
		   -> message_id: 53
		   -> Operación: CAUGHT_POKEMON
Argumentos: caught_status: OK
[INFO] 03:13:09:234 Team/(7821:7825): un Gengar, ubicado en (6, 6), fue atrapado exitosamente
[INFO] 03:13:09:234 Team/(7821:7825): El entrenador 3, ubicado en (6, 6) permanece en la cola de bloqueados. Motivo: Esperar la resolución de uno o más intercambios.
Pokemones requeridos y no capturados: Onix.
Pokemones en exceso: Gengar.
[INFO] 03:13:09:234 Team/(7821:7825): El algoritmo de detección de Deadlock ha comenzado.
[INFO] 03:13:09:234 Team/(7821:7825): El algoritmo de detección de Deadlock ha finalizado. Resultado: El sistema puede continuar operando.
[INFO] 03:13:09:237 Team/(7821:7855): Pedido recibido:
Operación: CORRELATIVE_IDENTIFIED_MESSAGE
Argumentos:
	-> message_id: 56
	-> Operación: IDENTIFIED_MESSAGE
	   Argumentos:
		   -> message_id: 54
		   -> Operación: CAUGHT_POKEMON
Argumentos: caught_status: OK
[INFO] 03:13:09:237 Team/(7821:7855): Ningún entrenador está esperando la respuesta de un CAUGHT_POKEMON con id de mensaje 54
[INFO] 03:13:10:229 Team/(7821:7824): El entrenador 2 se desplazó a (5, 9).
[INFO] 03:13:12:230 Team/(7821:7824): El entrenador 2 se desplazó a (5, 8).
[INFO] 03:13:14:230 Team/(7821:7824): El entrenador 2 se desplazó a (5, 7).
[INFO] 03:13:16:230 Team/(7821:7824): El entrenador 2 se desplazó a (5, 6).
[INFO] 03:13:18:231 Team/(7821:7824): El entrenador 2 se desplazó a (5, 5).
[INFO] 03:13:20:231 Team/(7821:7824): Acción a realizar por el entrenador 2: Atrapar un Squirtle, ubicado en (5, 5).
[INFO] 03:13:22:233 Team/(7821:7824): El entrenador 2, ubicado en (5, 5) fue movido a la cola de bloqueados. Motivo: Esperar el resultado de atrapar un Squirtle, ubicado en (5, 5) con el id de mensaje 57.
[INFO] 03:13:27:235 Team/(7821:7855): Pedido recibido:
Operación: CORRELATIVE_IDENTIFIED_MESSAGE
Argumentos:
	-> message_id: 58
	-> Operación: IDENTIFIED_MESSAGE
	   Argumentos:
		   -> message_id: 57
		   -> Operación: CAUGHT_POKEMON
Argumentos: caught_status: OK
[INFO] 03:13:27:236 Team/(7821:7824): un Squirtle, ubicado en (5, 5), fue atrapado exitosamente
[INFO] 03:13:27:236 Team/(7821:7824): El entrenador 2, ubicado en (5, 5) permanece en la cola de bloqueados. Motivo: Esperar la resolución de uno o más intercambios.
Pokemones requeridos y no capturados: Gengar.
Pokemones en exceso: Squirtle.
[INFO] 03:13:27:236 Team/(7821:7824): El algoritmo de detección de Deadlock ha comenzado.
[INFO] 03:13:27:236 Team/(7821:7973): El algoritmo de detección de Deadlock ha finalizado. Resultado: El sistema se encuentra en una situación de interbloqueo. Se procederá a resolverlo.
[INFO] 03:13:27:237 Team/(7821:7973): El algoritmo de recuperación de Deadlock ha comenzado.
Entrenadores involucrados:
* entrenador 1, ubicado en (2, 8)
* entrenador 3, ubicado en (6, 6)
* entrenador 2, ubicado en (5, 5)
[INFO] 03:13:27:237 Team/(7821:7973): El entrenador 3, ubicado en (6, 6) fue movido a la cola de listos. Motivo: Moverse en dirección a entrenador 2, ubicado en (5, 5).
[INFO] 03:13:27:237 Team/(7821:7973): El entrenador 3, ubicado en (6, 6) fue puesto en ejecución. Motivo: Moverse en dirección a entrenador 2, ubicado en (5, 5).
[INFO] 03:13:27:238 Team/(7821:7825): El entrenador 3 se desplazó a (5, 6).
[INFO] 03:13:29:238 Team/(7821:7825): El entrenador 3 se desplazó a (5, 5).
[INFO] 03:13:31:238 Team/(7821:7825): Acción a realizar por el entrenador 3: Realizar uno o más intercambios con entrenador 2
[INFO] 03:13:31:238 Team/(7821:7825): A punto de realizar un intercambio: entrenador 3 intercambiará su Gengar con el Squirtle de entrenador 2.
[INFO] 03:13:41:239 Team/(7821:7825): Intercambio realizado exitosamente: entrenador 3 intercambió su Gengar con el Squirtle de entrenador 2.
[INFO] 03:13:41:240 Team/(7821:7825): El entrenador 3, ubicado en (5, 5) fue movido a la cola de bloqueados. Motivo: Esperar la resolución de uno o más intercambios.
Pokemones requeridos y no capturados: Onix.
Pokemones en exceso: Squirtle.
[INFO] 03:13:41:240 Team/(7821:7825): El entrenador 2, ubicado en (5, 5) fue movido a la cola de finalizados. Motivo: Atrapó todos los pokemones que requería.
[INFO] 03:13:41:240 Team/(7821:7973): El entrenador 1, ubicado en (2, 8) fue movido a la cola de listos. Motivo: Moverse en dirección a entrenador 3, ubicado en (5, 5).
[INFO] 03:13:41:240 Team/(7821:7973): El entrenador 1, ubicado en (2, 8) fue puesto en ejecución. Motivo: Moverse en dirección a entrenador 3, ubicado en (5, 5).
[INFO] 03:13:41:240 Team/(7821:7823): El entrenador 1 se desplazó a (3, 8).
[INFO] 03:13:43:240 Team/(7821:7823): El entrenador 1 se desplazó a (4, 8).
[INFO] 03:13:45:241 Team/(7821:7823): El entrenador 1 se desplazó a (5, 8).
[INFO] 03:13:47:241 Team/(7821:7823): El entrenador 1 se desplazó a (5, 7).
[INFO] 03:13:49:242 Team/(7821:7823): El entrenador 1 se desplazó a (5, 6).
[INFO] 03:13:51:242 Team/(7821:7823): El entrenador 1 se desplazó a (5, 5).
[INFO] 03:13:53:242 Team/(7821:7823): Acción a realizar por el entrenador 1: Realizar uno o más intercambios con entrenador 3
[INFO] 03:13:53:242 Team/(7821:7823): A punto de realizar un intercambio: entrenador 1 intercambiará su Onix con el Squirtle de entrenador 3.
[INFO] 03:14:03:243 Team/(7821:7823): Intercambio realizado exitosamente: entrenador 1 intercambió su Onix con el Squirtle de entrenador 3.
[INFO] 03:14:03:244 Team/(7821:7823): El entrenador 1, ubicado en (5, 5) fue movido a la cola de finalizados. Motivo: Atrapó todos los pokemones que requería.
[INFO] 03:14:03:244 Team/(7821:7823): El entrenador 3, ubicado en (5, 5) fue movido a la cola de finalizados. Motivo: Atrapó todos los pokemones que requería.
[INFO] 03:14:03:246 Team/(7821:7973): El algoritmo de recuperación de Deadlock ha finalizado satisfactoriamente: todos los intercambios se han resuelto.
[INFO] 03:14:03:247 Team/(7821:7973): Team ha cumplido su objetivo global.
[INFO] 03:14:03:247 Team/(7821:7973): 
REPORTE DE MÉTRICAS
* Cantidad de ciclos de CPU totales: 61
* Cantidad de cambios de contexto realizados: 7
* Cantidad de ciclos de CPU realizados por entrenador
	* entrenador 1: 18
	* entrenador 2: 23
	* entrenador 3: 16
* Deadlocks producidos y resueltos: 1
	* entrenador 3 intercambió su Gengar con el Squirtle de entrenador 2.
	* entrenador 1 intercambió su Onix con el Squirtle de entrenador 3.

[INFO] 03:14:03:248 Team/(7821:7821): Team ha ejecutado exitosamente!

[INFO] 03:14:03:250 Team/(7821:7821): Team ha liberado toda la memoria ocupada exitosamente!

