[INFO] 00:17:01:139 Team/(17311:17311): Team se ha inicializado correctamente!

[ERROR] 00:17:01:139 Team/(17311:17314): Falló la comunicación con Broker. Se procederá a reintentar.
[INFO] 00:17:01:140 Team/(17311:17315): Inicio del proceso de reintento de comunicación con el Broker.
[ERROR] 00:17:01:140 Team/(17311:17315): Falló el reintento de comunicación con el Broker.
[INFO] 00:17:31:140 Team/(17311:17315): Inicio del proceso de reintento de comunicación con el Broker.
[ERROR] 00:17:31:140 Team/(17311:17315): El proceso de reintento de comunicación con el Broker ha sido exitoso.
[INFO] 00:19:38:377 Team/(17384:17384): Team se ha inicializado correctamente!

[INFO] 00:22:43:946 Team/(17463:17463): Team se ha inicializado correctamente!

[INFO] 00:26:53:153 Team/(17611:17611): Team se ha inicializado correctamente!

[INFO] 00:27:26:630 Team/(17652:17652): Team se ha inicializado correctamente!

[INFO] 00:28:22:963 Team/(17718:17718): Team se ha inicializado correctamente!

[INFO] 00:31:22:488 Team/(17801:17801): Team se ha inicializado correctamente!

[ERROR] 00:31:22:492 Team/(17801:17807): Falló la comunicación con Broker. Se procederá a reintentar.
[INFO] 00:31:22:493 Team/(17801:17808): Inicio del proceso de reintento de comunicación con el Broker.
[ERROR] 00:31:22:493 Team/(17801:17808): Falló el reintento de comunicación con el Broker.
[INFO] 00:32:19:340 Team/(17962:17962): Team se ha inicializado correctamente!

[INFO] 00:45:14:467 Team/(18878:18878): Team se ha inicializado correctamente!

[ERROR] 00:45:14:467 Team/(18878:18881): Falló la comunicación con Broker. Se procederá a reintentar.
[INFO] 00:45:14:468 Team/(18878:18882): Inicio del proceso de reintento de comunicación con el Broker.
[ERROR] 00:45:14:468 Team/(18878:18882): Falló el reintento de comunicación con el Broker.
[INFO] 00:45:44:468 Team/(18878:18882): Inicio del proceso de reintento de comunicación con el Broker.
[INFO] 00:45:44:468 Team/(18878:18882): El proceso de reintento de comunicación con el Broker ha sido exitoso.
[INFO] 00:47:01:219 Team/(18948:18948): Team se ha inicializado correctamente!

[ERROR] 00:47:01:220 Team/(18948:18951): Falló la comunicación con Broker. Se procederá a reintentar.
[INFO] 00:47:01:220 Team/(18948:18952): Inicio del proceso de reintento de comunicación con el Broker.
[ERROR] 00:47:01:220 Team/(18948:18952): Falló el reintento de comunicación con el Broker.
[INFO] 00:47:31:220 Team/(18948:18952): Inicio del proceso de reintento de comunicación con el Broker.
[INFO] 00:47:31:220 Team/(18948:18952): El proceso de reintento de comunicación con el Broker ha sido exitoso.
[INFO] 00:50:01:986 Team/(19097:19097): Team se ha inicializado correctamente!

[INFO] 00:51:23:470 Team/(19148:19148): Team se ha inicializado correctamente!

[INFO] 00:52:47:204 Team/(19261:19261): Team se ha inicializado correctamente!

[INFO] 00:54:44:715 Team/(19445:19445): Team se ha inicializado correctamente!

[INFO] 00:58:15:717 Team/(19536:19536): Team se ha inicializado correctamente!

[INFO] 01:00:42:452 Team/(19604:19604): Team se ha inicializado correctamente!

[INFO] 01:06:41:558 Team/(20109:20109): Team se ha inicializado correctamente!

[INFO] 01:14:35:395 Team/(20341:20341): Team se ha inicializado correctamente!

[ERROR] 01:14:35:395 Team/(20341:20347): Falló la comunicación con Broker. Se procederá a reintentar.
[INFO] 01:14:35:395 Team/(20341:20348): Inicio del proceso de reintento de comunicación con el Broker.
[ERROR] 01:14:35:395 Team/(20341:20348): Falló el reintento de comunicación con el Broker.
[INFO] 01:15:05:395 Team/(20341:20348): Inicio del proceso de reintento de comunicación con el Broker.
[ERROR] 01:15:05:396 Team/(20341:20348): Falló el reintento de comunicación con el Broker.
[INFO] 01:15:34:383 Team/(20389:20389): Team se ha inicializado correctamente!

[ERROR] 01:15:34:384 Team/(20389:20392): Falló la comunicación con Broker. Se procederá a reintentar.
[INFO] 01:15:34:386 Team/(20389:20393): Inicio del proceso de reintento de comunicación con el Broker.
[ERROR] 01:15:34:386 Team/(20389:20393): Falló el reintento de comunicación con el Broker.
